#
# A fatal error has been detected by the Java Runtime Environment:
#
#  EXCEPTION_ACCESS_VIOLATION (0xc0000005) at pc=0x00007ffb11587cca, pid=28088, tid=29280
#
# JRE version: OpenJDK Runtime Environment Temurin-18.0.1+10 (18.0.1+10) (build 18.0.1+10)
# Java VM: OpenJDK 64-Bit Server VM Temurin-18.0.1+10 (18.0.1+10, mixed mode, tiered, compressed oops, compressed class ptrs, g1 gc, windows-amd64)
# Problematic frame:
# V  [jvm.dll+0x7b7cca]
#
# No core dump will be written. Minidumps are not enabled by default on client versions of Windows
#
# If you would like to submit a bug report, please visit:
#   https://github.com/adoptium/adoptium-support/issues
#

---------------  S U M M A R Y ------------

Command Line: -XX:+ShowCodeDetailsInExceptionMessages -agentlib:jdwp=transport=dt_socket,suspend=y,address=localhost:2822 -ea -javaagent:C:\Users\bo\eclipse\java-2022-03\eclipse\configuration\org.eclipse.osgi\225\0\.cp\lib\javaagent-shaded.jar -Dfile.encoding=UTF-8 org.eclipse.jdt.internal.junit.runner.RemoteTestRunner -version 3 -port 2821 -testLoaderClass org.eclipse.jdt.internal.junit5.runner.JUnit5TestLoader -loaderpluginname org.eclipse.jdt.junit5.runtime -test test.myDLLTest:testRemoveE -uniqueId [engine:junit-jupiter]/[class:test.myDLLTest]/[method:testRemoveE()]

Host: 12th Gen Intel(R) Core(TM) i5-12400, 12 cores, 15G,  Windows 10 , 64 bit Build 19041 (10.0.19041.1889)
Time: Tue Nov  8 02:36:30 2022 Mountain Standard Time elapsed time: 528.191366 seconds (0d 0h 8m 48s)

---------------  T H R E A D  ---------------

Current thread (0x00000214e1bd4e10):  JavaThread "JDWP Transport Listener: dt_socket" daemon [_thread_in_vm, id=29280, stack(0x000000fc33800000,0x000000fc33900000)]

Stack: [0x000000fc33800000,0x000000fc33900000],  sp=0x000000fc338ff7e0,  free space=1021k
Native frames: (J=compiled Java code, j=interpreted, Vv=VM code, C=native code)
V  [jvm.dll+0x7b7cca]
V  [jvm.dll+0x52ee8c]
V  [jvm.dll+0x4fc88b]
C  [jdwp.dll+0x22fe7]


siginfo: EXCEPTION_ACCESS_VIOLATION (0xc0000005), reading address 0x0000000000820005


Register to memory mapping:

RIP=0x00007ffb11587cca jvm.dll
RAX=0x0000000000000083 is an unknown value
RBX=0x00000214e1951852 points into unknown readable memory: 2f 4f 62 6a 65 63
RCX=0x0000000000820001 is an unknown value
RDX=0x00000214e291d6b0 points into unknown readable memory: 0x6974696c6974754c | 4c 75 74 69 6c 69 74 69
RSP=0x000000fc338ff7e0 is pointing into the stack for thread: 0x00000214e1bd4e10
RBP=0x00000214e1b90b60 points into unknown readable memory: 0x0000021400000002 | 02 00 00 00 14 02 00 00
RSI=0x0 is NULL
RDI=0xffffffffffffffff is an unknown value
R8 =0x0000000000000017 is an unknown value
R9 =0x000000000000001d is an unknown value
R10=0x0 is NULL
R11=0x000000fc338ff800 is pointing into the stack for thread: 0x00000214e1bd4e10
R12=0x000000fc338ff938 is pointing into the stack for thread: 0x00000214e1bd4e10
R13=0x0 is NULL
R14=0x0000000800188a90 is a pointer to class: 
utilities.myDLL {0x0000000800188a98}
 - instance size:     3
 - klass size:        93
 - access:            public synchronized 
 - state:             fully_initialized
 - name:              'utilities/myDLL'
 - super:             'java/lang/Object'
 - sub:               
 - arrays:            NULL
 - methods:           Array<T>(0x00000214de4b62a8)
 - method ordering:   Array<T>(0x00000214de4b7410)
 - default_methods:   Array<T>(0x0000000000000000)
 - local interfaces:  Array<T>(0x00000214de482c58)
 - trans. interfaces: Array<T>(0x00000214de4866d8)
 - constants:         constant pool [133] {0x00000214de2b63e8} for 'utilities/myDLL' cache=0x00000214de4b56b0
 - class loader data:  loader data: 0x00000214dd76b070 for instance a 'jdk/internal/loader/ClassLoaders$AppClassLoader'{0x0000000711a00000}
 - source file:       'myDLL.java'
 - source debug extension:       SMAP
myDLL.java
Java
*S jdt
*F
1 myDLL.java
2 file:/C:/Users/bo/git/repository2/assg8/bin/
*L
*E

 - class annotations:       Array<T>(0x0000000000000000)
 - class type annotations:  Array<T>(0x0000000000000000)
 - field annotations:       Array<T>(0x0000000000000000)
 - field type annotations:  Array<T>(0x0000000000000000)
 - previous version:  constant pool [128] {0x00000214de4827e0} for 'utilities/myDLL' (extra) cache=0x00000214de4ad068
 - generic signature: '
[error occurred during error reporting (printing register info), id 0xc0000005, EXCEPTION_ACCESS_VIOLATION (0xc0000005) at pc=0x00007ffb115888d6]

Registers:
RAX=0x0000000000000083, RBX=0x00000214e1951852, RCX=0x0000000000820001, RDX=0x00000214e291d6b0
RSP=0x000000fc338ff7e0, RBP=0x00000214e1b90b60, RSI=0x0000000000000000, RDI=0xffffffffffffffff
R8 =0x0000000000000017, R9 =0x000000000000001d, R10=0x0000000000000000, R11=0x000000fc338ff800
R12=0x000000fc338ff938, R13=0x0000000000000000, R14=0x0000000800188a90, R15=0x000000fc338ff988
RIP=0x00007ffb11587cca, EFLAGS=0x0000000000010202

Top of Stack: (sp=0x000000fc338ff7e0)
0x000000fc338ff7e0:   000000000000000f 0000000800188a90
0x000000fc338ff7f0:   00000214e1bd4e10 0000000000000000
0x000000fc338ff800:   ffffffffffffffff 00007ffb112fee8c
0x000000fc338ff810:   00000214e1951852 00000214e1b90b60
0x000000fc338ff820:   0000000000000000 00000214e1bd50a0
0x000000fc338ff830:   00000214e1951820 00000000000003d8
0x000000fc338ff840:   00000214e1951830 00000214e1951c08
0x000000fc338ff850:   0000000000000002 000000fc338ff938
0x000000fc338ff860:   0000000000000000 0000000000000000
0x000000fc338ff870:   000000071213db00 00007ffb112cc88b
0x000000fc338ff880:   00000214e1bd4e10 000000fc338ff988
0x000000fc338ff890:   00000214be872090 000000fc338ff988
0x000000fc338ff8a0:   00000214e1bd4e10 0000000000000000
0x000000fc338ff8b0:   0000021400000000 0000000000000000
0x000000fc338ff8c0:   000000000000000d 00007ffb6b1d2fe7
0x000000fc338ff8d0:   000000fc338ff980 00007ffb6b1e1640 

Instructions: (pc=0x00007ffb11587cca)
0x00007ffb11587bca:   48 8b f8 48 85 db 74 08 48 8b cb e8 b6 66 eb ff
0x00007ffb11587bda:   48 8b 5c 24 30 48 8b c7 48 83 c4 20 5f c3 8d 42
0x00007ffb11587bea:   06 83 ff 02 b9 08 00 00 00 0f 4e c1 45 33 c0 48
0x00007ffb11587bfa:   63 c8 48 83 c1 07 83 e1 f8 48 63 c9 41 8d 50 0b
0x00007ffb11587c0a:   48 83 c4 20 5f e9 3c ce 8f ff cc cc cc cc cc cc
0x00007ffb11587c1a:   cc cc cc cc cc cc 83 fa 02 8d 42 06 b9 08 00 00
0x00007ffb11587c2a:   00 4d 8b c8 0f 4e c1 48 63 c8 49 8b 40 18 48 83
0x00007ffb11587c3a:   c1 07 83 e1 f8 48 63 d1 49 8b 48 20 48 2b c8 48
0x00007ffb11587c4a:   3b ca 72 09 48 8d 0c 10 49 89 48 18 c3 45 33 c0
0x00007ffb11587c5a:   49 8b c9 e9 1e 2c 90 ff cc cc cc cc cc cc cc cc
0x00007ffb11587c6a:   cc cc cc cc cc cc 4c 8b d2 4c 8b d9 45 85 c0 7e
0x00007ffb11587c7a:   3c 44 0f b7 49 04 41 8d 40 ff 41 3b c1 44 0f 4c
0x00007ffb11587c8a:   c8 4d 63 c1 45 85 c9 7e 1f 48 8b c2 4c 2b da 49
0x00007ffb11587c9a:   8b d0 0f 1f 40 00 41 0f b6 4c 03 06 88 08 48 8d
0x00007ffb11587caa:   40 01 48 83 ea 01 75 ee 43 c6 04 10 00 49 8b c2
0x00007ffb11587cba:   c3 cc cc cc cc cc 48 89 5c 24 08 57 48 83 ec 20
0x00007ffb11587cca:   0f b7 59 04 48 8b f9 33 d2 48 8d 4b 01 e8 e4 9e
0x00007ffb11587cda:   f3 ff 0f b7 57 04 4c 8b c0 3b da 0f 42 d3 44 8b
0x00007ffb11587cea:   ca 85 d2 74 39 48 2b f8 0f 1f 40 00 66 66 0f 1f
0x00007ffb11587cfa:   84 00 00 00 00 00 0f b6 4c 07 06 88 08 48 ff c0
0x00007ffb11587d0a:   48 8b c8 49 2b c8 49 3b c9 7c eb 42 c6 04 02 00
0x00007ffb11587d1a:   49 8b c0 48 8b 5c 24 30 48 83 c4 20 5f c3 48 8b
0x00007ffb11587d2a:   5c 24 30 c6 04 02 00 48 83 c4 20 5f c3 cc cc cc
0x00007ffb11587d3a:   cc cc cc cc cc cc 4c 8b d1 45 85 c0 7e 6c 44 0f
0x00007ffb11587d4a:   b7 49 04 41 8d 40 ff 41 3b c1 44 0f 4c c8 4d 63
0x00007ffb11587d5a:   d9 45 85 c9 7e 22 48 8b ca 4c 2b d2 4d 8b c3 0f
0x00007ffb11587d6a:   1f 80 00 00 00 00 41 0f b6 44 0a 06 88 01 48 8d
0x00007ffb11587d7a:   49 01 49 83 e8 01 75 ee 41 c6 04 13 00 48 c7 c0
0x00007ffb11587d8a:   ff ff ff ff 66 90 48 ff c0 80 3c 02 00 75 f7 48
0x00007ffb11587d9a:   63 c8 85 c0 48 8b c2 7e 14 80 38 2f 75 03 c6 00
0x00007ffb11587daa:   2e 48 ff c0 48 83 e9 01 75 ef 48 8b c2 c3 cc cc
0x00007ffb11587dba:   cc cc cc cc cc cc 48 83 ec 28 e8 f7 fe ff ff 4c 


Stack slot to memory mapping:
stack at sp + 0 slots: 0x000000000000000f is an unknown value
stack at sp + 1 slots: 0x0000000800188a90 is a pointer to class: 
utilities.myDLL {0x0000000800188a98}
 - instance size:     3
 - klass size:        93
 - access:            public synchronized 
 - state:             fully_initialized
 - name:              'utilities/myDLL'
 - super:             'java/lang/Object'
 - sub:               
 - arrays:            NULL
 - methods:           Array<T>(0x00000214de4b62a8)
 - method ordering:   Array<T>(0x00000214de4b7410)
 - default_methods:   Array<T>(0x0000000000000000)
 - local interfaces:  Array<T>(0x00000214de482c58)
 - trans. interfaces: Array<T>(0x00000214de4866d8)
 - constants:         constant pool [133] {0x00000214de2b63e8} for 'utilities/myDLL' cache=0x00000214de4b56b0
 - class loader data:  loader data: 0x00000214dd76b070 for instance a 'jdk/internal/loader/ClassLoaders$AppClassLoader'{0x0000000711a00000}
 - source file:       'myDLL.java'
 - source debug extension:       SMAP
myDLL.java
Java
*S jdt
*F
1 myDLL.java
2 file:/C:/Users/bo/git/repository2/assg8/bin/
*L
*E

 - class annotations:       Array<T>(0x0000000000000000)
 - class type annotations:  Array<T>(0x0000000000000000)
 - field annotations:       Array<T>(0x0000000000000000)
 - field type annotations:  Array<T>(0x0000000000000000)
 - previous version:  constant pool [128] {0x00000214de4827e0} for 'utilities/myDLL' (extra) cache=0x00000214de4ad068
 - generic signature: '
[error occurred during error reporting (inspecting top of stack), id 0xc0000005, EXCEPTION_ACCESS_VIOLATION (0xc0000005) at pc=0x00007ffb115888d6]


---------------  P R O C E S S  ---------------

Threads class SMR info:
_java_thread_list=0x00000214e2441c10, length=16, elements={
0x00000214be8853c0, 0x00000214dd765150, 0x00000214dd766b50, 0x00000214e19097b0,
0x00000214e190a060, 0x00000214e190a910, 0x00000214e190b1c0, 0x00000214e190d5d0,
0x00000214e19117d0, 0x00000214e19120c0, 0x00000214dd6d9150, 0x00000214e1bd4e10,
0x00000214e20715e0, 0x00000214e20722d0, 0x00000214e2408140, 0x00000214e2744080
}

Java Threads: ( => current thread )
  0x00000214be8853c0 JavaThread "main" [_thread_blocked, id=12352, stack(0x000000fc32700000,0x000000fc32800000)]
  0x00000214dd765150 JavaThread "Reference Handler" daemon [_thread_blocked, id=17892, stack(0x000000fc32e00000,0x000000fc32f00000)]
  0x00000214dd766b50 JavaThread "Finalizer" daemon [_thread_blocked, id=7564, stack(0x000000fc32f00000,0x000000fc33000000)]
  0x00000214e19097b0 JavaThread "Signal Dispatcher" daemon [_thread_blocked, id=7100, stack(0x000000fc33000000,0x000000fc33100000)]
  0x00000214e190a060 JavaThread "Attach Listener" daemon [_thread_blocked, id=7368, stack(0x000000fc33100000,0x000000fc33200000)]
  0x00000214e190a910 JavaThread "Service Thread" daemon [_thread_blocked, id=30104, stack(0x000000fc33200000,0x000000fc33300000)]
  0x00000214e190b1c0 JavaThread "Monitor Deflation Thread" daemon [_thread_blocked, id=27660, stack(0x000000fc33300000,0x000000fc33400000)]
  0x00000214e190d5d0 JavaThread "C2 CompilerThread0" daemon [_thread_blocked, id=6692, stack(0x000000fc33400000,0x000000fc33500000)]
  0x00000214e19117d0 JavaThread "C1 CompilerThread0" daemon [_thread_blocked, id=20764, stack(0x000000fc33500000,0x000000fc33600000)]
  0x00000214e19120c0 JavaThread "Sweeper thread" daemon [_thread_blocked, id=6788, stack(0x000000fc33600000,0x000000fc33700000)]
  0x00000214dd6d9150 JavaThread "Common-Cleaner" daemon [_thread_blocked, id=14884, stack(0x000000fc33700000,0x000000fc33800000)]
=>0x00000214e1bd4e10 JavaThread "JDWP Transport Listener: dt_socket" daemon [_thread_in_vm, id=29280, stack(0x000000fc33800000,0x000000fc33900000)]
  0x00000214e20715e0 JavaThread "JDWP Event Helper Thread" daemon [_thread_blocked, id=16968, stack(0x000000fc33900000,0x000000fc33a00000)]
  0x00000214e20722d0 JavaThread "JDWP Command Reader" daemon [_thread_in_native, id=13588, stack(0x000000fc33a00000,0x000000fc33b00000)]
  0x00000214e2408140 JavaThread "Notification Thread" daemon [_thread_blocked, id=8548, stack(0x000000fc33c00000,0x000000fc33d00000)]
  0x00000214e2744080 JavaThread "ReaderThread" [_thread_in_native, id=29176, stack(0x000000fc33f00000,0x000000fc34000000)]

Other Threads:
  0x00000214be917ea0 VMThread "VM Thread" [stack: 0x000000fc32d00000,0x000000fc32e00000] [id=5568]
  0x00000214e20cd4b0 WatcherThread "VM Periodic Task Thread" [stack: 0x000000fc33d00000,0x000000fc33e00000] [id=9388]
  0x00000214be8f4ea0 WorkerThread "GC Thread#0" [stack: 0x000000fc32800000,0x000000fc32900000] [id=19340]
  0x00000214e23b9b80 WorkerThread "GC Thread#1" [stack: 0x000000fc34000000,0x000000fc34100000] [id=8100]
  0x00000214e23b98e0 WorkerThread "GC Thread#2" [stack: 0x000000fc34100000,0x000000fc34200000] [id=24992]
  0x00000214e23b9640 WorkerThread "GC Thread#3" [stack: 0x000000fc34200000,0x000000fc34300000] [id=28632]
  0x00000214e23b7ea0 WorkerThread "GC Thread#4" [stack: 0x000000fc34300000,0x000000fc34400000] [id=20816]
  0x00000214e23b8680 WorkerThread "GC Thread#5" [stack: 0x000000fc34400000,0x000000fc34500000] [id=16796]
  0x00000214e23b8140 WorkerThread "GC Thread#6" [stack: 0x000000fc34500000,0x000000fc34600000] [id=4380]
  0x00000214e23b83e0 WorkerThread "GC Thread#7" [stack: 0x000000fc34600000,0x000000fc34700000] [id=12492]
  0x00000214e23b8e60 WorkerThread "GC Thread#8" [stack: 0x000000fc34700000,0x000000fc34800000] [id=24728]
  0x00000214be905fe0 ConcurrentGCThread "G1 Main Marker" [stack: 0x000000fc32900000,0x000000fc32a00000] [id=30308]
  0x00000214be906780 WorkerThread "G1 Conc#0" [stack: 0x000000fc32a00000,0x000000fc32b00000] [id=25548]
  0x00000214dd5a5120 ConcurrentGCThread "G1 Refine#0" [stack: 0x000000fc32b00000,0x000000fc32c00000] [id=14696]
  0x00000214dd5a77f0 ConcurrentGCThread "G1 Service" [stack: 0x000000fc32c00000,0x000000fc32d00000] [id=27972]

Threads with active compile tasks:

VM state: not at safepoint (normal execution)

VM Mutex/Monitor currently owned by a thread: None

Heap address: 0x0000000703400000, size: 4044 MB, Compressed Oops mode: Zero based, Oop shift amount: 3

CDS archive(s) not mapped
Compressed class space mapped at: 0x0000000800000000-0x0000000840000000, reserved size: 1073741824
Narrow klass base: 0x0000000800000000, Narrow klass shift: 0, Narrow klass range: 0x40000000

GC Precious Log:
 CardTable entry size: 512
 Card Set container configuration: InlinePtr #cards 4 size 8 Array Of Cards #cards 16 size 48 Howl #buckets 8 coarsen threshold 3686 Howl Bitmap #cards 512 size 80 coarsen threshold 460 Card regions per heap region 1 cards per card region 4096
 CPUs: 12 total, 12 available
 Memory: 16175M
 Large Page Support: Disabled
 NUMA Support: Disabled
 Compressed Oops: Enabled (Zero based)
 Heap Region Size: 2M
 Heap Min Capacity: 8M
 Heap Initial Capacity: 254M
 Heap Max Capacity: 4044M
 Pre-touch: Disabled
 Parallel Workers: 10
 Concurrent Workers: 3
 Concurrent Refinement Workers: 10
 Periodic GC: Disabled

Heap:
 garbage-first heap   total 260096K, used 21782K [0x0000000703400000, 0x0000000800000000)
  region size 2048K, 13 young (26624K), 2 survivors (4096K)
 Metaspace       used 15250K, committed 15488K, reserved 1114112K
  class space    used 1498K, committed 1600K, reserved 1048576K

Heap Regions: E=young(eden), S=young(survivor), O=old, HS=humongous(starts), HC=humongous(continues), CS=collection set, F=free, OA=open archive, CA=closed archive, TAMS=top-at-mark-start (previous, next)
|   0|0x0000000703400000, 0x0000000703400000, 0x0000000703600000|  0%| F|  |TAMS 0x0000000703400000, 0x0000000703400000| Untracked 
|   1|0x0000000703600000, 0x0000000703600000, 0x0000000703800000|  0%| F|  |TAMS 0x0000000703600000, 0x0000000703600000| Untracked 
|   2|0x0000000703800000, 0x0000000703800000, 0x0000000703a00000|  0%| F|  |TAMS 0x0000000703800000, 0x0000000703800000| Untracked 
|   3|0x0000000703a00000, 0x0000000703a00000, 0x0000000703c00000|  0%| F|  |TAMS 0x0000000703a00000, 0x0000000703a00000| Untracked 
|   4|0x0000000703c00000, 0x0000000703c00000, 0x0000000703e00000|  0%| F|  |TAMS 0x0000000703c00000, 0x0000000703c00000| Untracked 
|   5|0x0000000703e00000, 0x0000000703e00000, 0x0000000704000000|  0%| F|  |TAMS 0x0000000703e00000, 0x0000000703e00000| Untracked 
|   6|0x0000000704000000, 0x0000000704000000, 0x0000000704200000|  0%| F|  |TAMS 0x0000000704000000, 0x0000000704000000| Untracked 
|   7|0x0000000704200000, 0x0000000704200000, 0x0000000704400000|  0%| F|  |TAMS 0x0000000704200000, 0x0000000704200000| Untracked 
|   8|0x0000000704400000, 0x0000000704400000, 0x0000000704600000|  0%| F|  |TAMS 0x0000000704400000, 0x0000000704400000| Untracked 
|   9|0x0000000704600000, 0x0000000704600000, 0x0000000704800000|  0%| F|  |TAMS 0x0000000704600000, 0x0000000704600000| Untracked 
|  10|0x0000000704800000, 0x0000000704800000, 0x0000000704a00000|  0%| F|  |TAMS 0x0000000704800000, 0x0000000704800000| Untracked 
|  11|0x0000000704a00000, 0x0000000704a00000, 0x0000000704c00000|  0%| F|  |TAMS 0x0000000704a00000, 0x0000000704a00000| Untracked 
|  12|0x0000000704c00000, 0x0000000704c00000, 0x0000000704e00000|  0%| F|  |TAMS 0x0000000704c00000, 0x0000000704c00000| Untracked 
|  13|0x0000000704e00000, 0x0000000704e00000, 0x0000000705000000|  0%| F|  |TAMS 0x0000000704e00000, 0x0000000704e00000| Untracked 
|  14|0x0000000705000000, 0x0000000705000000, 0x0000000705200000|  0%| F|  |TAMS 0x0000000705000000, 0x0000000705000000| Untracked 
|  15|0x0000000705200000, 0x0000000705200000, 0x0000000705400000|  0%| F|  |TAMS 0x0000000705200000, 0x0000000705200000| Untracked 
|  16|0x0000000705400000, 0x0000000705400000, 0x0000000705600000|  0%| F|  |TAMS 0x0000000705400000, 0x0000000705400000| Untracked 
|  17|0x0000000705600000, 0x0000000705600000, 0x0000000705800000|  0%| F|  |TAMS 0x0000000705600000, 0x0000000705600000| Untracked 
|  18|0x0000000705800000, 0x0000000705800000, 0x0000000705a00000|  0%| F|  |TAMS 0x0000000705800000, 0x0000000705800000| Untracked 
|  19|0x0000000705a00000, 0x0000000705a00000, 0x0000000705c00000|  0%| F|  |TAMS 0x0000000705a00000, 0x0000000705a00000| Untracked 
|  20|0x0000000705c00000, 0x0000000705c00000, 0x0000000705e00000|  0%| F|  |TAMS 0x0000000705c00000, 0x0000000705c00000| Untracked 
|  21|0x0000000705e00000, 0x0000000705e00000, 0x0000000706000000|  0%| F|  |TAMS 0x0000000705e00000, 0x0000000705e00000| Untracked 
|  22|0x0000000706000000, 0x0000000706000000, 0x0000000706200000|  0%| F|  |TAMS 0x0000000706000000, 0x0000000706000000| Untracked 
|  23|0x0000000706200000, 0x0000000706200000, 0x0000000706400000|  0%| F|  |TAMS 0x0000000706200000, 0x0000000706200000| Untracked 
|  24|0x0000000706400000, 0x0000000706400000, 0x0000000706600000|  0%| F|  |TAMS 0x0000000706400000, 0x0000000706400000| Untracked 
|  25|0x0000000706600000, 0x0000000706600000, 0x0000000706800000|  0%| F|  |TAMS 0x0000000706600000, 0x0000000706600000| Untracked 
|  26|0x0000000706800000, 0x0000000706800000, 0x0000000706a00000|  0%| F|  |TAMS 0x0000000706800000, 0x0000000706800000| Untracked 
|  27|0x0000000706a00000, 0x0000000706a00000, 0x0000000706c00000|  0%| F|  |TAMS 0x0000000706a00000, 0x0000000706a00000| Untracked 
|  28|0x0000000706c00000, 0x0000000706c00000, 0x0000000706e00000|  0%| F|  |TAMS 0x0000000706c00000, 0x0000000706c00000| Untracked 
|  29|0x0000000706e00000, 0x0000000706e00000, 0x0000000707000000|  0%| F|  |TAMS 0x0000000706e00000, 0x0000000706e00000| Untracked 
|  30|0x0000000707000000, 0x0000000707000000, 0x0000000707200000|  0%| F|  |TAMS 0x0000000707000000, 0x0000000707000000| Untracked 
|  31|0x0000000707200000, 0x0000000707200000, 0x0000000707400000|  0%| F|  |TAMS 0x0000000707200000, 0x0000000707200000| Untracked 
|  32|0x0000000707400000, 0x0000000707400000, 0x0000000707600000|  0%| F|  |TAMS 0x0000000707400000, 0x0000000707400000| Untracked 
|  33|0x0000000707600000, 0x0000000707600000, 0x0000000707800000|  0%| F|  |TAMS 0x0000000707600000, 0x0000000707600000| Untracked 
|  34|0x0000000707800000, 0x0000000707800000, 0x0000000707a00000|  0%| F|  |TAMS 0x0000000707800000, 0x0000000707800000| Untracked 
|  35|0x0000000707a00000, 0x0000000707a00000, 0x0000000707c00000|  0%| F|  |TAMS 0x0000000707a00000, 0x0000000707a00000| Untracked 
|  36|0x0000000707c00000, 0x0000000707c00000, 0x0000000707e00000|  0%| F|  |TAMS 0x0000000707c00000, 0x0000000707c00000| Untracked 
|  37|0x0000000707e00000, 0x0000000707e00000, 0x0000000708000000|  0%| F|  |TAMS 0x0000000707e00000, 0x0000000707e00000| Untracked 
|  38|0x0000000708000000, 0x0000000708000000, 0x0000000708200000|  0%| F|  |TAMS 0x0000000708000000, 0x0000000708000000| Untracked 
|  39|0x0000000708200000, 0x0000000708200000, 0x0000000708400000|  0%| F|  |TAMS 0x0000000708200000, 0x0000000708200000| Untracked 
|  40|0x0000000708400000, 0x0000000708400000, 0x0000000708600000|  0%| F|  |TAMS 0x0000000708400000, 0x0000000708400000| Untracked 
|  41|0x0000000708600000, 0x0000000708600000, 0x0000000708800000|  0%| F|  |TAMS 0x0000000708600000, 0x0000000708600000| Untracked 
|  42|0x0000000708800000, 0x0000000708800000, 0x0000000708a00000|  0%| F|  |TAMS 0x0000000708800000, 0x0000000708800000| Untracked 
|  43|0x0000000708a00000, 0x0000000708a00000, 0x0000000708c00000|  0%| F|  |TAMS 0x0000000708a00000, 0x0000000708a00000| Untracked 
|  44|0x0000000708c00000, 0x0000000708c00000, 0x0000000708e00000|  0%| F|  |TAMS 0x0000000708c00000, 0x0000000708c00000| Untracked 
|  45|0x0000000708e00000, 0x0000000708e00000, 0x0000000709000000|  0%| F|  |TAMS 0x0000000708e00000, 0x0000000708e00000| Untracked 
|  46|0x0000000709000000, 0x0000000709000000, 0x0000000709200000|  0%| F|  |TAMS 0x0000000709000000, 0x0000000709000000| Untracked 
|  47|0x0000000709200000, 0x0000000709200000, 0x0000000709400000|  0%| F|  |TAMS 0x0000000709200000, 0x0000000709200000| Untracked 
|  48|0x0000000709400000, 0x0000000709400000, 0x0000000709600000|  0%| F|  |TAMS 0x0000000709400000, 0x0000000709400000| Untracked 
|  49|0x0000000709600000, 0x0000000709600000, 0x0000000709800000|  0%| F|  |TAMS 0x0000000709600000, 0x0000000709600000| Untracked 
|  50|0x0000000709800000, 0x0000000709800000, 0x0000000709a00000|  0%| F|  |TAMS 0x0000000709800000, 0x0000000709800000| Untracked 
|  51|0x0000000709a00000, 0x0000000709a00000, 0x0000000709c00000|  0%| F|  |TAMS 0x0000000709a00000, 0x0000000709a00000| Untracked 
|  52|0x0000000709c00000, 0x0000000709c00000, 0x0000000709e00000|  0%| F|  |TAMS 0x0000000709c00000, 0x0000000709c00000| Untracked 
|  53|0x0000000709e00000, 0x0000000709e00000, 0x000000070a000000|  0%| F|  |TAMS 0x0000000709e00000, 0x0000000709e00000| Untracked 
|  54|0x000000070a000000, 0x000000070a000000, 0x000000070a200000|  0%| F|  |TAMS 0x000000070a000000, 0x000000070a000000| Untracked 
|  55|0x000000070a200000, 0x000000070a200000, 0x000000070a400000|  0%| F|  |TAMS 0x000000070a200000, 0x000000070a200000| Untracked 
|  56|0x000000070a400000, 0x000000070a400000, 0x000000070a600000|  0%| F|  |TAMS 0x000000070a400000, 0x000000070a400000| Untracked 
|  57|0x000000070a600000, 0x000000070a600000, 0x000000070a800000|  0%| F|  |TAMS 0x000000070a600000, 0x000000070a600000| Untracked 
|  58|0x000000070a800000, 0x000000070a800000, 0x000000070aa00000|  0%| F|  |TAMS 0x000000070a800000, 0x000000070a800000| Untracked 
|  59|0x000000070aa00000, 0x000000070aa00000, 0x000000070ac00000|  0%| F|  |TAMS 0x000000070aa00000, 0x000000070aa00000| Untracked 
|  60|0x000000070ac00000, 0x000000070ac00000, 0x000000070ae00000|  0%| F|  |TAMS 0x000000070ac00000, 0x000000070ac00000| Untracked 
|  61|0x000000070ae00000, 0x000000070ae00000, 0x000000070b000000|  0%| F|  |TAMS 0x000000070ae00000, 0x000000070ae00000| Untracked 
|  62|0x000000070b000000, 0x000000070b000000, 0x000000070b200000|  0%| F|  |TAMS 0x000000070b000000, 0x000000070b000000| Untracked 
|  63|0x000000070b200000, 0x000000070b200000, 0x000000070b400000|  0%| F|  |TAMS 0x000000070b200000, 0x000000070b200000| Untracked 
|  64|0x000000070b400000, 0x000000070b400000, 0x000000070b600000|  0%| F|  |TAMS 0x000000070b400000, 0x000000070b400000| Untracked 
|  65|0x000000070b600000, 0x000000070b600000, 0x000000070b800000|  0%| F|  |TAMS 0x000000070b600000, 0x000000070b600000| Untracked 
|  66|0x000000070b800000, 0x000000070b800000, 0x000000070ba00000|  0%| F|  |TAMS 0x000000070b800000, 0x000000070b800000| Untracked 
|  67|0x000000070ba00000, 0x000000070ba00000, 0x000000070bc00000|  0%| F|  |TAMS 0x000000070ba00000, 0x000000070ba00000| Untracked 
|  68|0x000000070bc00000, 0x000000070bc00000, 0x000000070be00000|  0%| F|  |TAMS 0x000000070bc00000, 0x000000070bc00000| Untracked 
|  69|0x000000070be00000, 0x000000070be00000, 0x000000070c000000|  0%| F|  |TAMS 0x000000070be00000, 0x000000070be00000| Untracked 
|  70|0x000000070c000000, 0x000000070c000000, 0x000000070c200000|  0%| F|  |TAMS 0x000000070c000000, 0x000000070c000000| Untracked 
|  71|0x000000070c200000, 0x000000070c200000, 0x000000070c400000|  0%| F|  |TAMS 0x000000070c200000, 0x000000070c200000| Untracked 
|  72|0x000000070c400000, 0x000000070c400000, 0x000000070c600000|  0%| F|  |TAMS 0x000000070c400000, 0x000000070c400000| Untracked 
|  73|0x000000070c600000, 0x000000070c600000, 0x000000070c800000|  0%| F|  |TAMS 0x000000070c600000, 0x000000070c600000| Untracked 
|  74|0x000000070c800000, 0x000000070c800000, 0x000000070ca00000|  0%| F|  |TAMS 0x000000070c800000, 0x000000070c800000| Untracked 
|  75|0x000000070ca00000, 0x000000070ca00000, 0x000000070cc00000|  0%| F|  |TAMS 0x000000070ca00000, 0x000000070ca00000| Untracked 
|  76|0x000000070cc00000, 0x000000070cc00000, 0x000000070ce00000|  0%| F|  |TAMS 0x000000070cc00000, 0x000000070cc00000| Untracked 
|  77|0x000000070ce00000, 0x000000070ce00000, 0x000000070d000000|  0%| F|  |TAMS 0x000000070ce00000, 0x000000070ce00000| Untracked 
|  78|0x000000070d000000, 0x000000070d000000, 0x000000070d200000|  0%| F|  |TAMS 0x000000070d000000, 0x000000070d000000| Untracked 
|  79|0x000000070d200000, 0x000000070d200000, 0x000000070d400000|  0%| F|  |TAMS 0x000000070d200000, 0x000000070d200000| Untracked 
|  80|0x000000070d400000, 0x000000070d400000, 0x000000070d600000|  0%| F|  |TAMS 0x000000070d400000, 0x000000070d400000| Untracked 
|  81|0x000000070d600000, 0x000000070d600000, 0x000000070d800000|  0%| F|  |TAMS 0x000000070d600000, 0x000000070d600000| Untracked 
|  82|0x000000070d800000, 0x000000070d800000, 0x000000070da00000|  0%| F|  |TAMS 0x000000070d800000, 0x000000070d800000| Untracked 
|  83|0x000000070da00000, 0x000000070da00000, 0x000000070dc00000|  0%| F|  |TAMS 0x000000070da00000, 0x000000070da00000| Untracked 
|  84|0x000000070dc00000, 0x000000070dc00000, 0x000000070de00000|  0%| F|  |TAMS 0x000000070dc00000, 0x000000070dc00000| Untracked 
|  85|0x000000070de00000, 0x000000070de00000, 0x000000070e000000|  0%| F|  |TAMS 0x000000070de00000, 0x000000070de00000| Untracked 
|  86|0x000000070e000000, 0x000000070e000000, 0x000000070e200000|  0%| F|  |TAMS 0x000000070e000000, 0x000000070e000000| Untracked 
|  87|0x000000070e200000, 0x000000070e200000, 0x000000070e400000|  0%| F|  |TAMS 0x000000070e200000, 0x000000070e200000| Untracked 
|  88|0x000000070e400000, 0x000000070e400000, 0x000000070e600000|  0%| F|  |TAMS 0x000000070e400000, 0x000000070e400000| Untracked 
|  89|0x000000070e600000, 0x000000070e600000, 0x000000070e800000|  0%| F|  |TAMS 0x000000070e600000, 0x000000070e600000| Untracked 
|  90|0x000000070e800000, 0x000000070e800000, 0x000000070ea00000|  0%| F|  |TAMS 0x000000070e800000, 0x000000070e800000| Untracked 
|  91|0x000000070ea00000, 0x000000070ea00000, 0x000000070ec00000|  0%| F|  |TAMS 0x000000070ea00000, 0x000000070ea00000| Untracked 
|  92|0x000000070ec00000, 0x000000070ec00000, 0x000000070ee00000|  0%| F|  |TAMS 0x000000070ec00000, 0x000000070ec00000| Untracked 
|  93|0x000000070ee00000, 0x000000070ee00000, 0x000000070f000000|  0%| F|  |TAMS 0x000000070ee00000, 0x000000070ee00000| Untracked 
|  94|0x000000070f000000, 0x000000070f000000, 0x000000070f200000|  0%| F|  |TAMS 0x000000070f000000, 0x000000070f000000| Untracked 
|  95|0x000000070f200000, 0x000000070f200000, 0x000000070f400000|  0%| F|  |TAMS 0x000000070f200000, 0x000000070f200000| Untracked 
|  96|0x000000070f400000, 0x000000070f400000, 0x000000070f600000|  0%| F|  |TAMS 0x000000070f400000, 0x000000070f400000| Untracked 
|  97|0x000000070f600000, 0x000000070f600000, 0x000000070f800000|  0%| F|  |TAMS 0x000000070f600000, 0x000000070f600000| Untracked 
|  98|0x000000070f800000, 0x000000070f800000, 0x000000070fa00000|  0%| F|  |TAMS 0x000000070f800000, 0x000000070f800000| Untracked 
|  99|0x000000070fa00000, 0x000000070fa00000, 0x000000070fc00000|  0%| F|  |TAMS 0x000000070fa00000, 0x000000070fa00000| Untracked 
| 100|0x000000070fc00000, 0x000000070fc00000, 0x000000070fe00000|  0%| F|  |TAMS 0x000000070fc00000, 0x000000070fc00000| Untracked 
| 101|0x000000070fe00000, 0x000000070fe00000, 0x0000000710000000|  0%| F|  |TAMS 0x000000070fe00000, 0x000000070fe00000| Untracked 
| 102|0x0000000710000000, 0x0000000710000000, 0x0000000710200000|  0%| F|  |TAMS 0x0000000710000000, 0x0000000710000000| Untracked 
| 103|0x0000000710200000, 0x0000000710200000, 0x0000000710400000|  0%| F|  |TAMS 0x0000000710200000, 0x0000000710200000| Untracked 
| 104|0x0000000710400000, 0x0000000710400000, 0x0000000710600000|  0%| F|  |TAMS 0x0000000710400000, 0x0000000710400000| Untracked 
| 105|0x0000000710600000, 0x0000000710600000, 0x0000000710800000|  0%| F|  |TAMS 0x0000000710600000, 0x0000000710600000| Untracked 
| 106|0x0000000710800000, 0x0000000710800000, 0x0000000710a00000|  0%| F|  |TAMS 0x0000000710800000, 0x0000000710800000| Untracked 
| 107|0x0000000710a00000, 0x0000000710a00000, 0x0000000710c00000|  0%| F|  |TAMS 0x0000000710a00000, 0x0000000710a00000| Untracked 
| 108|0x0000000710c00000, 0x0000000710c00000, 0x0000000710e00000|  0%| F|  |TAMS 0x0000000710c00000, 0x0000000710c00000| Untracked 
| 109|0x0000000710e00000, 0x0000000710e00000, 0x0000000711000000|  0%| F|  |TAMS 0x0000000710e00000, 0x0000000710e00000| Untracked 
| 110|0x0000000711000000, 0x0000000711000000, 0x0000000711200000|  0%| F|  |TAMS 0x0000000711000000, 0x0000000711000000| Untracked 
| 111|0x0000000711200000, 0x0000000711200000, 0x0000000711400000|  0%| F|  |TAMS 0x0000000711200000, 0x0000000711200000| Untracked 
| 112|0x0000000711400000, 0x0000000711400000, 0x0000000711600000|  0%| F|  |TAMS 0x0000000711400000, 0x0000000711400000| Untracked 
| 113|0x0000000711600000, 0x0000000711600000, 0x0000000711800000|  0%| F|  |TAMS 0x0000000711600000, 0x0000000711600000| Untracked 
| 114|0x0000000711800000, 0x0000000711945b08, 0x0000000711a00000| 63%| S|CS|TAMS 0x0000000711800000, 0x0000000711800000| Complete 
| 115|0x0000000711a00000, 0x0000000711c00000, 0x0000000711c00000|100%| S|CS|TAMS 0x0000000711a00000, 0x0000000711a00000| Complete 
| 116|0x0000000711c00000, 0x0000000711c2fb98, 0x0000000711e00000|  9%| E|  |TAMS 0x0000000711c00000, 0x0000000711c00000| Complete 
| 117|0x0000000711e00000, 0x0000000712000000, 0x0000000712000000|100%| E|CS|TAMS 0x0000000711e00000, 0x0000000711e00000| Complete 
| 118|0x0000000712000000, 0x0000000712200000, 0x0000000712200000|100%| E|CS|TAMS 0x0000000712000000, 0x0000000712000000| Complete 
| 119|0x0000000712200000, 0x0000000712400000, 0x0000000712400000|100%| E|CS|TAMS 0x0000000712200000, 0x0000000712200000| Complete 
| 120|0x0000000712400000, 0x0000000712600000, 0x0000000712600000|100%| E|CS|TAMS 0x0000000712400000, 0x0000000712400000| Complete 
| 121|0x0000000712600000, 0x0000000712800000, 0x0000000712800000|100%| E|CS|TAMS 0x0000000712600000, 0x0000000712600000| Complete 
| 122|0x0000000712800000, 0x0000000712a00000, 0x0000000712a00000|100%| E|CS|TAMS 0x0000000712800000, 0x0000000712800000| Complete 
| 123|0x0000000712a00000, 0x0000000712c00000, 0x0000000712c00000|100%| E|CS|TAMS 0x0000000712a00000, 0x0000000712a00000| Complete 
| 124|0x0000000712c00000, 0x0000000712e00000, 0x0000000712e00000|100%| E|CS|TAMS 0x0000000712c00000, 0x0000000712c00000| Complete 
| 125|0x0000000712e00000, 0x0000000713000000, 0x0000000713000000|100%| E|  |TAMS 0x0000000712e00000, 0x0000000712e00000| Complete 
| 126|0x0000000713000000, 0x0000000713200000, 0x0000000713200000|100%| E|CS|TAMS 0x0000000713000000, 0x0000000713000000| Complete 

Card table byte_map: [0x00000214d1cb0000,0x00000214d24a0000] _byte_map_base: 0x00000214ce496000

Marking Bits (Prev, Next): (CMBitMap*) 0x00000214be8f5250, (CMBitMap*) 0x00000214be8f5290
 Prev Bits: [0x00000214d2c90000, 0x00000214d6bc0000)
 Next Bits: [0x00000214d6bc0000, 0x00000214daaf0000)

Polling page: 0x00000214bca20000

Metaspace:

Usage:
  Non-class:     13.43 MB used.
      Class:      1.46 MB used.
       Both:     14.89 MB used.

Virtual space:
  Non-class space:       64.00 MB reserved,      13.56 MB ( 21%) committed,  1 nodes.
      Class space:        1.00 GB reserved,       1.56 MB ( <1%) committed,  1 nodes.
             Both:        1.06 GB reserved,      15.12 MB (  1%) committed. 

Chunk freelists:
   Non-Class:  2.29 MB
       Class:  2.39 MB
        Both:  4.68 MB

MaxMetaspaceSize: unlimited
CompressedClassSpaceSize: 1.00 GB
Initial GC threshold: 21.00 MB
Current GC threshold: 21.00 MB
CDS: off
MetaspaceReclaimPolicy: balanced
 - commit_granule_bytes: 65536.
 - commit_granule_words: 8192.
 - virtual_space_node_default_size: 8388608.
 - enlarge_chunks_in_place: 1.
 - new_chunks_are_fully_committed: 0.
 - uncommit_free_chunks: 1.
 - use_allocation_guard: 0.


Internal statistics:

num_allocs_failed_limit: 0.
num_arena_births: 114.
num_arena_deaths: 0.
num_vsnodes_births: 2.
num_vsnodes_deaths: 0.
num_space_committed: 242.
num_space_uncommitted: 0.
num_chunks_returned_to_freelist: 0.
num_chunks_taken_from_freelist: 319.
num_chunk_merges: 0.
num_chunk_splits: 169.
num_chunks_enlarged: 104.
num_inconsistent_stats: 0.

CodeHeap 'non-profiled nmethods': size=120000Kb used=554Kb max_used=554Kb free=119445Kb
 bounds [0x00000214c9a30000, 0x00000214c9ca0000, 0x00000214d0f60000]
CodeHeap 'profiled nmethods': size=120000Kb used=3263Kb max_used=3263Kb free=116737Kb
 bounds [0x00000214c2500000, 0x00000214c2830000, 0x00000214c9a30000]
CodeHeap 'non-nmethods': size=5760Kb used=1243Kb max_used=1284Kb free=4516Kb
 bounds [0x00000214c1f60000, 0x00000214c21d0000, 0x00000214c2500000]
 total_blobs=2012 nmethods=1554 adapters=370
 compilation: enabled
              stopped_count=0, restarted_count=0
 full_count=0

Compilation events (20 events):
Event: 0.561 Thread 0x00000214e19117d0 1545       3       jdk.internal.org.objectweb.asm.ClassWriter::visitField (53 bytes)
Event: 0.561 Thread 0x00000214e19117d0 nmethod 1545 0x00000214c2829810 code [0x00000214c28299c0, 0x00000214c2829d88]
Event: 0.561 Thread 0x00000214e19117d0 1546       3       jdk.internal.org.objectweb.asm.FieldWriter::<init> (69 bytes)
Event: 0.562 Thread 0x00000214e19117d0 nmethod 1546 0x00000214c2829f10 code [0x00000214c282a100, 0x00000214c282a4e8]
Event: 0.562 Thread 0x00000214e19117d0 1547       3       jdk.internal.org.objectweb.asm.FieldVisitor::<init> (7 bytes)
Event: 0.562 Thread 0x00000214e19117d0 nmethod 1547 0x00000214c282a690 code [0x00000214c282a840, 0x00000214c282a9a8]
Event: 0.562 Thread 0x00000214e19117d0 1548       3       jdk.internal.org.objectweb.asm.FieldVisitor::<init> (88 bytes)
Event: 0.562 Thread 0x00000214e19117d0 nmethod 1548 0x00000214c282aa90 code [0x00000214c282ace0, 0x00000214c282b5e8]
Event: 0.562 Thread 0x00000214e19117d0 1549       3       jdk.internal.org.objectweb.asm.FieldWriter::computeFieldInfoSize (86 bytes)
Event: 0.562 Thread 0x00000214e19117d0 nmethod 1549 0x00000214c282b890 code [0x00000214c282ba60, 0x00000214c282bd58]
Event: 0.562 Thread 0x00000214e19117d0 1550       3       jdk.internal.org.objectweb.asm.FieldWriter::putFieldInfo (269 bytes)
Event: 0.562 Thread 0x00000214e19117d0 nmethod 1550 0x00000214c282be90 code [0x00000214c282c120, 0x00000214c282cb08]
Event: 0.562 Thread 0x00000214e19117d0 1551       3       java.lang.invoke.MemberName::asSpecial (89 bytes)
Event: 0.563 Thread 0x00000214e19117d0 nmethod 1551 0x00000214c282ce90 code [0x00000214c282d180, 0x00000214c282dec8]
Event: 0.563 Thread 0x00000214e19117d0 1553       3       java.lang.invoke.MethodHandles$Lookup::resolveOrFail (48 bytes)
Event: 0.563 Thread 0x00000214e19117d0 nmethod 1553 0x00000214c282e410 code [0x00000214c282e640, 0x00000214c282ed08]
Event: 0.563 Thread 0x00000214e19117d0 1552       3       jdk.internal.org.objectweb.asm.ClassReader::readShort (27 bytes)
Event: 0.563 Thread 0x00000214e19117d0 nmethod 1552 0x00000214c282f010 code [0x00000214c282f1a0, 0x00000214c282f318]
Event: 300.427 Thread 0x00000214e19117d0 1554       3       java.lang.ref.ReferenceQueue::reallyPoll (65 bytes)
Event: 300.427 Thread 0x00000214e19117d0 nmethod 1554 0x00000214c282f410 code [0x00000214c282f5e0, 0x00000214c282fb38]

GC Heap History (2 events):
Event: 0.390 GC heap before
{Heap before GC invocations=0 (full 0):
 garbage-first heap   total 260096K, used 22528K [0x0000000703400000, 0x0000000800000000)
  region size 2048K, 11 young (22528K), 0 survivors (0K)
 Metaspace       used 12311K, committed 12416K, reserved 1114112K
  class space    used 1086K, committed 1152K, reserved 1048576K
}
Event: 0.392 GC heap after
{Heap after GC invocations=1 (full 0):
 garbage-first heap   total 260096K, used 3350K [0x0000000703400000, 0x0000000800000000)
  region size 2048K, 2 young (4096K), 2 survivors (4096K)
 Metaspace       used 12311K, committed 12416K, reserved 1114112K
  class space    used 1086K, committed 1152K, reserved 1048576K
}

Deoptimization events (20 events):
Event: 0.511 Thread 0x00000214be8853c0 DEOPT PACKING pc=0x00000214c2604f58 sp=0x000000fc327faf00
Event: 0.511 Thread 0x00000214be8853c0 DEOPT UNPACKING pc=0x00000214c1fb2b43 sp=0x000000fc327fa390 mode 0
Event: 0.516 Thread 0x00000214be8853c0 DEOPT PACKING pc=0x00000214c25c5dbe sp=0x000000fc327fc950
Event: 0.516 Thread 0x00000214be8853c0 DEOPT UNPACKING pc=0x00000214c1fb2b43 sp=0x000000fc327fbdc8 mode 0
Event: 0.550 Thread 0x00000214be8853c0 Uncommon trap: trap_request=0xffffff45 fr.pc=0x00000214c9a67f1c relative=0x000000000000055c
Event: 0.550 Thread 0x00000214be8853c0 Uncommon trap: reason=unstable_if action=reinterpret pc=0x00000214c9a67f1c method=org.eclipse.jdt.launching.internal.org.objectweb.asm.ClassReader.readUtf(II[C)Ljava/lang/String; @ 41 c2
Event: 0.550 Thread 0x00000214be8853c0 DEOPT PACKING pc=0x00000214c9a67f1c sp=0x000000fc327f9c00
Event: 0.550 Thread 0x00000214be8853c0 DEOPT UNPACKING pc=0x00000214c1fb23a3 sp=0x000000fc327f9be8 mode 2
Event: 0.550 Thread 0x00000214be8853c0 Uncommon trap: trap_request=0xffffff45 fr.pc=0x00000214c9a388b8 relative=0x0000000000000098
Event: 0.550 Thread 0x00000214be8853c0 Uncommon trap: reason=unstable_if action=reinterpret pc=0x00000214c9a388b8 method=java.lang.String.isLatin1()Z @ 10 c2
Event: 0.550 Thread 0x00000214be8853c0 DEOPT PACKING pc=0x00000214c9a388b8 sp=0x000000fc327f9c80
Event: 0.550 Thread 0x00000214be8853c0 DEOPT UNPACKING pc=0x00000214c1fb23a3 sp=0x000000fc327f9bb0 mode 2
Event: 0.550 Thread 0x00000214be8853c0 Uncommon trap: trap_request=0xffffff45 fr.pc=0x00000214c9a3abe0 relative=0x0000000000000060
Event: 0.550 Thread 0x00000214be8853c0 Uncommon trap: reason=unstable_if action=reinterpret pc=0x00000214c9a3abe0 method=java.lang.String.isLatin1()Z @ 10 c2
Event: 0.550 Thread 0x00000214be8853c0 DEOPT PACKING pc=0x00000214c9a3abe0 sp=0x000000fc327f9c00
Event: 0.550 Thread 0x00000214be8853c0 DEOPT UNPACKING pc=0x00000214c1fb23a3 sp=0x000000fc327f9ba0 mode 2
Event: 0.551 Thread 0x00000214be8853c0 Uncommon trap: trap_request=0xffffff45 fr.pc=0x00000214c9a480c8 relative=0x0000000000000048
Event: 0.551 Thread 0x00000214be8853c0 Uncommon trap: reason=unstable_if action=reinterpret pc=0x00000214c9a480c8 method=java.lang.CharacterData.of(I)Ljava/lang/CharacterData; @ 4 c2
Event: 0.551 Thread 0x00000214be8853c0 DEOPT PACKING pc=0x00000214c9a480c8 sp=0x000000fc327fb4c0
Event: 0.551 Thread 0x00000214be8853c0 DEOPT UNPACKING pc=0x00000214c1fb23a3 sp=0x000000fc327fb460 mode 2

Classes loaded (20 events):
Event: 0.537 Loading class java/util/stream/SpinedBuffer
Event: 0.537 Loading class java/util/stream/AbstractSpinedBuffer
Event: 0.537 Loading class java/util/stream/AbstractSpinedBuffer done
Event: 0.537 Loading class java/util/stream/SpinedBuffer done
Event: 0.537 Loading class java/util/function/BooleanSupplier
Event: 0.537 Loading class java/util/function/BooleanSupplier done
Event: 0.543 Loading class java/util/ArrayList$ListItr
Event: 0.543 Loading class java/util/ArrayList$ListItr done
Event: 0.546 Loading class sun/nio/ch/IOStatus
Event: 0.546 Loading class sun/nio/ch/IOStatus done
Event: 0.547 Loading class java/util/AbstractList$ListItr
Event: 0.547 Loading class java/util/AbstractList$Itr
Event: 0.548 Loading class java/util/AbstractList$Itr done
Event: 0.548 Loading class java/util/AbstractList$ListItr done
Event: 0.550 Loading class java/time/format/DateTimeParseException
Event: 0.550 Loading class java/time/DateTimeException
Event: 0.550 Loading class java/time/DateTimeException done
Event: 0.550 Loading class java/time/format/DateTimeParseException done
Event: 0.551 Loading class java/lang/CharacterData00
Event: 0.551 Loading class java/lang/CharacterData00 done

Classes unloaded (0 events):
No events

Classes redefined (5 events):
Event: 54.440 Thread 0x00000214be917ea0 redefined class name=utilities.myDLL, count=1
Event: 93.653 Thread 0x00000214be917ea0 redefined class name=test.myDLLTest, count=1
Event: 125.286 Thread 0x00000214be917ea0 redefined class name=test.myDLLTest, count=2
Event: 156.455 Thread 0x00000214be917ea0 redefined class name=test.myDLLTest, count=3
Event: 471.700 Thread 0x00000214be917ea0 redefined class name=utilities.myDLL, count=2

Internal exceptions (20 events):
Event: 0.448 Thread 0x00000214be8853c0 Exception <a 'java/lang/IncompatibleClassChangeError'{0x0000000712af3638}: Found class java.lang.Object, but interface was expected> (0x0000000712af3638) 
thrown [s\src\hotspot\share\interpreter\linkResolver.cpp, line 833]
Event: 0.451 Thread 0x00000214be8853c0 Exception <a 'java/lang/NoSuchMethodError'{0x0000000712b502a0}: 'void java.lang.invoke.DirectMethodHandle$Holder.invokeInterface(java.lang.Object, java.lang.Object, java.lang.Object)'> (0x0000000712b502a0) 
thrown [s\src\hotspot\share\interpreter\linkResolver.cpp, line 766]
Event: 0.451 Thread 0x00000214be8853c0 Exception <a 'java/lang/IncompatibleClassChangeError'{0x0000000712b53908}: Found class java.lang.Object, but interface was expected> (0x0000000712b53908) 
thrown [s\src\hotspot\share\interpreter\linkResolver.cpp, line 833]
Event: 0.457 Thread 0x00000214be8853c0 Exception <a 'java/lang/NoSuchMethodError'{0x0000000712bee1b0}: 'void java.lang.invoke.DirectMethodHandle$Holder.invokeSpecial(java.lang.Object, java.lang.Object, java.lang.Object, java.lang.Object, java.lang.Object)'> (0x0000000712bee1b0) 
thrown [s\src\hotspot\share\interpreter\linkResolver.cpp, line 766]
Event: 0.483 Thread 0x00000214be8853c0 Exception <a 'java/lang/NoSuchMethodError'{0x000000071241d318}: 'long java.lang.invoke.DirectMethodHandle$Holder.invokeSpecial(java.lang.Object, java.lang.Object)'> (0x000000071241d318) 
thrown [s\src\hotspot\share\interpreter\linkResolver.cpp, line 766]
Event: 0.483 Thread 0x00000214be8853c0 Exception <a 'java/lang/NoSuchMethodError'{0x0000000712420ac8}: 'long java.lang.invoke.Invokers$Holder.invokeExact_MT(java.lang.Object, java.lang.Object)'> (0x0000000712420ac8) 
thrown [s\src\hotspot\share\interpreter\linkResolver.cpp, line 766]
Event: 0.493 Thread 0x00000214be8853c0 Exception <a 'java/lang/NoSuchMethodError'{0x00000007124e85e0}: 'void java.lang.invoke.DirectMethodHandle$Holder.invokeInterface(java.lang.Object, java.lang.Object, java.lang.Object, java.lang.Object)'> (0x00000007124e85e0) 
thrown [s\src\hotspot\share\interpreter\linkResolver.cpp, line 766]
Event: 0.493 Thread 0x00000214be8853c0 Exception <a 'java/lang/IncompatibleClassChangeError'{0x00000007124ebd28}: Found class java.lang.Object, but interface was expected> (0x00000007124ebd28) 
thrown [s\src\hotspot\share\interpreter\linkResolver.cpp, line 833]
Event: 0.495 Thread 0x00000214be8853c0 Exception <a 'java/lang/NoSuchMethodError'{0x0000000712510230}: 'void java.lang.invoke.DirectMethodHandle$Holder.invokeStatic(java.lang.Object, java.lang.Object, java.lang.Object, java.lang.Object)'> (0x0000000712510230) 
thrown [s\src\hotspot\share\interpreter\linkResolver.cpp, line 766]
Event: 0.501 Thread 0x00000214be8853c0 Exception <a 'java/lang/NoSuchMethodError'{0x00000007125edb48}: 'java.lang.Object java.lang.invoke.Invokers$Holder.invokeExact_MT(java.lang.Object, java.lang.Object, java.lang.Object, java.lang.Object, java.lang.Object, java.lang.Object)'> (0x00000007125edb48) 
thrown [s\src\hotspot\share\interpreter\linkResolver.cpp, line 766]
Event: 0.502 Thread 0x00000214be8853c0 Exception <a 'java/lang/NoSuchMethodError'{0x00000007125fded0}: 'int java.lang.invoke.DirectMethodHandle$Holder.invokeStatic(java.lang.Object, java.lang.Object, java.lang.Object, java.lang.Object, java.lang.Object)'> (0x00000007125fded0) 
thrown [s\src\hotspot\share\interpreter\linkResolver.cpp, line 766]
Event: 0.507 Thread 0x00000214be8853c0 Exception <a 'java/lang/NoSuchMethodError'{0x0000000712289f18}: 'void java.lang.invoke.DirectMethodHandle$Holder.invokeStaticInit(java.lang.Object)'> (0x0000000712289f18) 
thrown [s\src\hotspot\share\interpreter\linkResolver.cpp, line 766]
Event: 0.524 Thread 0x00000214be8853c0 Exception <a 'java/lang/NoSuchMethodError'{0x000000071210a220}: 'int java.lang.invoke.DirectMethodHandle$Holder.invokeStaticInit(java.lang.Object, java.lang.Object)'> (0x000000071210a220) 
thrown [s\src\hotspot\share\interpreter\linkResolver.cpp, line 766]
Event: 0.541 Thread 0x00000214be8853c0 Exception <a 'java/lang/NoSuchMethodError'{0x0000000711e80a00}: 'java.lang.Object java.lang.invoke.DirectMethodHandle$Holder.newInvokeSpecial(java.lang.Object, java.lang.Object, java.lang.Object, java.lang.Object, java.lang.Object, java.lang.Object, java.lang.Object)'> (0x0000000711e80a00) 
thrown [s\src\hotspot\share\interpreter\linkResolver.cpp, line 766]
Event: 0.541 Thread 0x00000214be8853c0 Exception <a 'java/lang/NoSuchMethodError'{0x0000000711e855c0}: 'java.lang.Object java.lang.invoke.Invokers$Holder.linkToTargetMethod(java.lang.Object, java.lang.Object, java.lang.Object, java.lang.Object, java.lang.Object, java.lang.Object, java.lang.Object)'> (0x0000000711e855c0) 
thrown [s\src\hotspot\share\interpreter\linkResolver.cpp, line 766]
Event: 0.542 Thread 0x00000214be8853c0 Exception <a 'java/lang/NoSuchMethodError'{0x0000000711e8bbe8}: 'java.lang.Object java.lang.invoke.DirectMethodHandle$Holder.invokeInterface(java.lang.Object, java.lang.Object, java.lang.Object, java.lang.Object, java.lang.Object)'> (0x0000000711e8bbe8) 
thrown [s\src\hotspot\share\interpreter\linkResolver.cpp, line 766]
Event: 0.542 Thread 0x00000214be8853c0 Exception <a 'java/lang/IncompatibleClassChangeError'{0x0000000711e8f9e0}: Found class java.lang.Object, but interface was expected> (0x0000000711e8f9e0) 
thrown [s\src\hotspot\share\interpreter\linkResolver.cpp, line 833]
Event: 0.544 Thread 0x00000214be8853c0 Exception <a 'java/lang/NoSuchMethodError'{0x0000000711edf550}: 'java.lang.Object java.lang.invoke.DirectMethodHandle$Holder.newInvokeSpecial(java.lang.Object, java.lang.Object, java.lang.Object, java.lang.Object, java.lang.Object, java.lang.Object)'> (0x0000000711edf550) 
thrown [s\src\hotspot\share\interpreter\linkResolver.cpp, line 766]
Event: 0.547 Thread 0x00000214be8853c0 Exception <a 'java/lang/IncompatibleClassChangeError'{0x0000000711f0ff30}: Found class java.lang.Object, but interface was expected> (0x0000000711f0ff30) 
thrown [s\src\hotspot\share\interpreter\linkResolver.cpp, line 833]
Event: 0.553 Thread 0x00000214be8853c0 Exception <a 'java/lang/NoSuchMethodError'{0x0000000711fa5910}: 'void java.lang.invoke.DirectMethodHandle$Holder.invokeVirtual(java.lang.Object, java.lang.Object)'> (0x0000000711fa5910) 
thrown [s\src\hotspot\share\interpreter\linkResolver.cpp, line 766]

VM Operations (20 events):
Event: 472.527 Executing VM operation: get/set locals
Event: 472.527 Executing VM operation: get/set locals done
Event: 472.527 Executing VM operation: get/set locals
Event: 472.527 Executing VM operation: get/set locals done
Event: 472.528 Executing VM operation: get/set locals
Event: 472.528 Executing VM operation: get/set locals done
Event: 472.528 Executing VM operation: get/set locals
Event: 472.528 Executing VM operation: get/set locals done
Event: 472.528 Executing VM operation: get/set locals
Event: 472.528 Executing VM operation: get/set locals done
Event: 472.528 Executing VM operation: get/set locals
Event: 472.528 Executing VM operation: get/set locals done
Event: 472.529 Executing VM operation: get/set locals
Event: 472.529 Executing VM operation: get/set locals done
Event: 472.529 Executing VM operation: get/set locals
Event: 472.529 Executing VM operation: get/set locals done
Event: 472.529 Executing VM operation: get/set locals
Event: 472.529 Executing VM operation: get/set locals done
Event: 472.529 Executing VM operation: get/set locals
Event: 472.529 Executing VM operation: get/set locals done

Events (20 events):
Event: 0.042 Thread 0x00000214e190d5d0 Thread added: 0x00000214e190d5d0
Event: 0.042 Thread 0x00000214e19117d0 Thread added: 0x00000214e19117d0
Event: 0.042 Thread 0x00000214e19120c0 Thread added: 0x00000214e19120c0
Event: 0.073 Thread 0x00000214dd6d9150 Thread added: 0x00000214dd6d9150
Event: 0.092 Thread 0x00000214e1bd4e10 Thread added: 0x00000214e1bd4e10
Event: 0.092 Thread 0x00000214e20715e0 Thread added: 0x00000214e20715e0
Event: 0.092 Thread 0x00000214e20722d0 Thread added: 0x00000214e20722d0
Event: 0.130 Loaded shared library C:\Users\bo\.p2\pool\plugins\org.eclipse.justj.openjdk.hotspot.jre.full.win32.x86_64_18.0.1.v20220515-1614\jre\bin\zip.dll
Event: 0.132 Loaded shared library C:\Users\bo\.p2\pool\plugins\org.eclipse.justj.openjdk.hotspot.jre.full.win32.x86_64_18.0.1.v20220515-1614\jre\bin\instrument.dll
Event: 0.141 Loaded shared library C:\Users\bo\.p2\pool\plugins\org.eclipse.justj.openjdk.hotspot.jre.full.win32.x86_64_18.0.1.v20220515-1614\jre\bin\net.dll
Event: 0.142 Loaded shared library C:\Users\bo\.p2\pool\plugins\org.eclipse.justj.openjdk.hotspot.jre.full.win32.x86_64_18.0.1.v20220515-1614\jre\bin\nio.dll
Event: 0.146 Loaded shared library C:\Users\bo\.p2\pool\plugins\org.eclipse.justj.openjdk.hotspot.jre.full.win32.x86_64_18.0.1.v20220515-1614\jre\bin\zip.dll
Event: 0.208 Loaded shared library C:\Users\bo\.p2\pool\plugins\org.eclipse.justj.openjdk.hotspot.jre.full.win32.x86_64_18.0.1.v20220515-1614\jre\bin\jimage.dll
Event: 0.245 Thread 0x00000214e20cc7a0 Thread added: 0x00000214e20cc7a0
Event: 0.249 Thread 0x00000214e2408140 Thread added: 0x00000214e2408140
Event: 0.252 Loaded shared library C:\Users\bo\.p2\pool\plugins\org.eclipse.justj.openjdk.hotspot.jre.full.win32.x86_64_18.0.1.v20220515-1614\jre\bin\verify.dll
Event: 0.282 Thread 0x00000214e24447a0 Thread added: 0x00000214e24447a0
Event: 0.354 Thread 0x00000214e2744080 Thread added: 0x00000214e2744080
Event: 5.577 Thread 0x00000214e24447a0 Thread exited: 0x00000214e24447a0
Event: 10.591 Thread 0x00000214e20cc7a0 Thread exited: 0x00000214e20cc7a0


Dynamic libraries:
0x00007ff6a91c0000 - 0x00007ff6a91ce000 	C:\Users\bo\.p2\pool\plugins\org.eclipse.justj.openjdk.hotspot.jre.full.win32.x86_64_18.0.1.v20220515-1614\jre\bin\javaw.exe
0x00007ffb93fd0000 - 0x00007ffb941c8000 	C:\Windows\SYSTEM32\ntdll.dll
0x00007ffb92e00000 - 0x00007ffb92ebd000 	C:\Windows\System32\KERNEL32.DLL
0x00007ffb91ac0000 - 0x00007ffb91d92000 	C:\Windows\System32\KERNELBASE.dll
0x00007ffb91f30000 - 0x00007ffb92030000 	C:\Windows\System32\ucrtbase.dll
0x00007ffb6fd20000 - 0x00007ffb6fd37000 	C:\Users\bo\.p2\pool\plugins\org.eclipse.justj.openjdk.hotspot.jre.full.win32.x86_64_18.0.1.v20220515-1614\jre\bin\jli.dll
0x00007ffb6fd40000 - 0x00007ffb6fd59000 	C:\Users\bo\.p2\pool\plugins\org.eclipse.justj.openjdk.hotspot.jre.full.win32.x86_64_18.0.1.v20220515-1614\jre\bin\VCRUNTIME140.dll
0x00007ffb93050000 - 0x00007ffb931ed000 	C:\Windows\System32\USER32.dll
0x00007ffb91820000 - 0x00007ffb91842000 	C:\Windows\System32\win32u.dll
0x00007ffb7de30000 - 0x00007ffb7e0ca000 	C:\Windows\WinSxS\amd64_microsoft.windows.common-controls_6595b64144ccf1df_6.0.19041.1110_none_60b5254171f9507e\COMCTL32.dll
0x00007ffb93e40000 - 0x00007ffb93e6b000 	C:\Windows\System32\GDI32.dll
0x00007ffb92d60000 - 0x00007ffb92dfe000 	C:\Windows\System32\msvcrt.dll
0x00007ffb91710000 - 0x00007ffb9181f000 	C:\Windows\System32\gdi32full.dll
0x00007ffb919b0000 - 0x00007ffb91a4d000 	C:\Windows\System32\msvcp_win.dll
0x00007ffb93d50000 - 0x00007ffb93d80000 	C:\Windows\System32\IMM32.DLL
0x00007ffb8eee0000 - 0x00007ffb8eeec000 	C:\Users\bo\.p2\pool\plugins\org.eclipse.justj.openjdk.hotspot.jre.full.win32.x86_64_18.0.1.v20220515-1614\jre\bin\vcruntime140_1.dll
0x00007ffb562b0000 - 0x00007ffb56341000 	C:\Users\bo\.p2\pool\plugins\org.eclipse.justj.openjdk.hotspot.jre.full.win32.x86_64_18.0.1.v20220515-1614\jre\bin\msvcp140.dll
0x00007ffb10dd0000 - 0x00007ffb11a59000 	C:\Users\bo\.p2\pool\plugins\org.eclipse.justj.openjdk.hotspot.jre.full.win32.x86_64_18.0.1.v20220515-1614\jre\bin\server\jvm.dll
0x00007ffb93e70000 - 0x00007ffb93f1e000 	C:\Windows\System32\ADVAPI32.dll
0x00007ffb92960000 - 0x00007ffb929fc000 	C:\Windows\System32\sechost.dll
0x00007ffb939c0000 - 0x00007ffb93ae5000 	C:\Windows\System32\RPCRT4.dll
0x00007ffb939b0000 - 0x00007ffb939b8000 	C:\Windows\System32\PSAPI.DLL
0x00007ffb7f6b0000 - 0x00007ffb7f6b9000 	C:\Windows\SYSTEM32\WSOCK32.dll
0x00007ffb862e0000 - 0x00007ffb86307000 	C:\Windows\SYSTEM32\WINMM.dll
0x00007ffb931f0000 - 0x00007ffb9325b000 	C:\Windows\System32\WS2_32.dll
0x00007ffb86040000 - 0x00007ffb8604a000 	C:\Windows\SYSTEM32\VERSION.dll
0x00007ffb8f5c0000 - 0x00007ffb8f5d2000 	C:\Windows\SYSTEM32\kernel.appcore.dll
0x00007ffb8eea0000 - 0x00007ffb8eeaa000 	C:\Users\bo\.p2\pool\plugins\org.eclipse.justj.openjdk.hotspot.jre.full.win32.x86_64_18.0.1.v20220515-1614\jre\bin\jimage.dll
0x00007ffb86c30000 - 0x00007ffb86e14000 	C:\Windows\SYSTEM32\DBGHELP.DLL
0x00007ffb852c0000 - 0x00007ffb852ec000 	C:\Windows\SYSTEM32\dbgcore.DLL
0x00007ffb91da0000 - 0x00007ffb91e22000 	C:\Windows\System32\bcryptPrimitives.dll
0x00007ffb6b1b0000 - 0x00007ffb6b1eb000 	C:\Users\bo\.p2\pool\plugins\org.eclipse.justj.openjdk.hotspot.jre.full.win32.x86_64_18.0.1.v20220515-1614\jre\bin\jdwp.dll
0x00007ffb8d410000 - 0x00007ffb8d41e000 	C:\Users\bo\.p2\pool\plugins\org.eclipse.justj.openjdk.hotspot.jre.full.win32.x86_64_18.0.1.v20220515-1614\jre\bin\instrument.dll
0x00007ffb68050000 - 0x00007ffb68075000 	C:\Users\bo\.p2\pool\plugins\org.eclipse.justj.openjdk.hotspot.jre.full.win32.x86_64_18.0.1.v20220515-1614\jre\bin\java.dll
0x00007ffb699f0000 - 0x00007ffb69a08000 	C:\Users\bo\.p2\pool\plugins\org.eclipse.justj.openjdk.hotspot.jre.full.win32.x86_64_18.0.1.v20220515-1614\jre\bin\zip.dll
0x00007ffb92210000 - 0x00007ffb92953000 	C:\Windows\System32\SHELL32.dll
0x00007ffb8f7c0000 - 0x00007ffb8ff51000 	C:\Windows\SYSTEM32\windows.storage.dll
0x00007ffb92a00000 - 0x00007ffb92d54000 	C:\Windows\System32\combase.dll
0x00007ffb91140000 - 0x00007ffb91170000 	C:\Windows\SYSTEM32\Wldp.dll
0x00007ffb92030000 - 0x00007ffb920dd000 	C:\Windows\System32\SHCORE.dll
0x00007ffb920e0000 - 0x00007ffb92135000 	C:\Windows\System32\shlwapi.dll
0x00007ffb91620000 - 0x00007ffb9163f000 	C:\Windows\SYSTEM32\profapi.dll
0x00007ffb6ffe0000 - 0x00007ffb6ffec000 	C:\Users\bo\.p2\pool\plugins\org.eclipse.justj.openjdk.hotspot.jre.full.win32.x86_64_18.0.1.v20220515-1614\jre\bin\dt_socket.dll
0x00007ffb90b40000 - 0x00007ffb90b7b000 	C:\Windows\SYSTEM32\IPHLPAPI.DLL
0x00007ffb90ea0000 - 0x00007ffb90f0a000 	C:\Windows\system32\mswsock.dll
0x00007ffb90b90000 - 0x00007ffb90c5a000 	C:\Windows\SYSTEM32\DNSAPI.dll
0x00007ffb93f80000 - 0x00007ffb93f88000 	C:\Windows\System32\NSI.dll
0x00007ffb86c20000 - 0x00007ffb86c2a000 	C:\Windows\System32\rasadhlp.dll
0x00007ffb88330000 - 0x00007ffb883b0000 	C:\Windows\System32\fwpuclnt.dll
0x00007ffb916e0000 - 0x00007ffb91707000 	C:\Windows\System32\bcrypt.dll
0x00007ffb686a0000 - 0x00007ffb686b3000 	C:\Users\bo\.p2\pool\plugins\org.eclipse.justj.openjdk.hotspot.jre.full.win32.x86_64_18.0.1.v20220515-1614\jre\bin\net.dll
0x00007ffb86f80000 - 0x00007ffb8708d000 	C:\Windows\SYSTEM32\WINHTTP.dll
0x00007ffb674c0000 - 0x00007ffb674d6000 	C:\Users\bo\.p2\pool\plugins\org.eclipse.justj.openjdk.hotspot.jre.full.win32.x86_64_18.0.1.v20220515-1614\jre\bin\nio.dll
0x00007ffb8d3d0000 - 0x00007ffb8d3e0000 	C:\Users\bo\.p2\pool\plugins\org.eclipse.justj.openjdk.hotspot.jre.full.win32.x86_64_18.0.1.v20220515-1614\jre\bin\verify.dll
0x00007ffb8ba30000 - 0x00007ffb8ba47000 	C:\Windows\SYSTEM32\dhcpcsvc6.DLL
0x00007ffb8bcf0000 - 0x00007ffb8bd0d000 	C:\Windows\SYSTEM32\dhcpcsvc.DLL

dbghelp: loaded successfully - version: 4.0.5 - missing functions: none
symbol engine: initialized successfully - sym options: 0x614 - pdb path: .;C:\Users\bo\.p2\pool\plugins\org.eclipse.justj.openjdk.hotspot.jre.full.win32.x86_64_18.0.1.v20220515-1614\jre\bin;C:\Windows\SYSTEM32;C:\Windows\WinSxS\amd64_microsoft.windows.common-controls_6595b64144ccf1df_6.0.19041.1110_none_60b5254171f9507e;C:\Users\bo\.p2\pool\plugins\org.eclipse.justj.openjdk.hotspot.jre.full.win32.x86_64_18.0.1.v20220515-1614\jre\bin\server

VM Arguments:
jvm_args: -XX:+ShowCodeDetailsInExceptionMessages -agentlib:jdwp=transport=dt_socket,suspend=y,address=localhost:2822 -ea -javaagent:C:\Users\bo\eclipse\java-2022-03\eclipse\configuration\org.eclipse.osgi\225\0\.cp\lib\javaagent-shaded.jar -Dfile.encoding=UTF-8 
java_command: org.eclipse.jdt.internal.junit.runner.RemoteTestRunner -version 3 -port 2821 -testLoaderClass org.eclipse.jdt.internal.junit5.runner.JUnit5TestLoader -loaderpluginname org.eclipse.jdt.junit5.runtime -test test.myDLLTest:testRemoveE -uniqueId [engine:junit-jupiter]/[class:test.myDLLTest]/[method:testRemoveE()]
java_class_path (initial): C:\Users\bo\git\repository2\assg8\bin;C:\Users\bo\.p2\pool\plugins\org.junit.jupiter.api_5.8.1.v20211018-1956.jar;C:\Users\bo\.p2\pool\plugins\org.junit.jupiter.engine_5.8.1.v20211018-1956.jar;C:\Users\bo\.p2\pool\plugins\org.junit.jupiter.migrationsupport_5.8.1.v20211018-1956.jar;C:\Users\bo\.p2\pool\plugins\org.junit.jupiter.params_5.8.1.v20211018-1956.jar;C:\Users\bo\.p2\pool\plugins\org.junit.platform.commons_1.8.1.v20211018-1956.jar;C:\Users\bo\.p2\pool\plugins\org.junit.platform.engine_1.8.1.v20211018-1956.jar;C:\Users\bo\.p2\pool\plugins\org.junit.platform.launcher_1.8.1.v20211018-1956.jar;C:\Users\bo\.p2\pool\plugins\org.junit.platform.runner_1.8.1.v20211018-1956.jar;C:\Users\bo\.p2\pool\plugins\org.junit.platform.suite.api_1.8.1.v20211018-1956.jar;C:\Users\bo\.p2\pool\plugins\org.junit.platform.suite.engine_1.8.1.v20211028-1957.jar;C:\Users\bo\.p2\pool\plugins\org.junit.platform.suite.commons_1.8.1.v20211018-1956.jar;C:\Users\bo\.p2\pool\plugins\org.junit.vintage.engine_5.8.1.v20211018-1956.jar;C:\Users\bo\.p2\pool\plugins\org.opentest4j_1.2.0.v20211018-1956.jar;C:\Users\bo\.p2\pool\plugins\org.apiguardian_1.1.2.v20211018-1956.jar;C:\Users\bo\.p2\pool\plugins\org.junit_4.13.2.v20211018-1956.jar;C:\Users\bo\.p2\pool\plugins\org.hamcrest.core_1.3.0.v20180420-1519.jar;C:\Users\bo\eclipse\java-2022-03\eclipse\configuration\org.eclipse.osgi\224\0\.cp;C:\Users\bo\eclipse\java-2022-03\eclipse\configuration\org.eclipse.osgi\222\0\.cp
Launcher Type: SUN_STANDARD

[Global flags]
     intx CICompilerCount                          = 4                                         {product} {ergonomic}
     uint ConcGCThreads                            = 3                                         {product} {ergonomic}
     uint G1ConcRefinementThreads                  = 10                                        {product} {ergonomic}
   size_t G1HeapRegionSize                         = 2097152                                   {product} {ergonomic}
    uintx GCDrainStackTargetSize                   = 64                                        {product} {ergonomic}
   size_t InitialHeapSize                          = 266338304                                 {product} {ergonomic}
   size_t MarkStackSize                            = 4194304                                   {product} {ergonomic}
   size_t MaxHeapSize                              = 4240441344                                {product} {ergonomic}
   size_t MaxNewSize                               = 2543845376                                {product} {ergonomic}
   size_t MinHeapDeltaBytes                        = 2097152                                   {product} {ergonomic}
   size_t MinHeapSize                              = 8388608                                   {product} {ergonomic}
    uintx NonNMethodCodeHeapSize                   = 5839372                                {pd product} {ergonomic}
    uintx NonProfiledCodeHeapSize                  = 122909434                              {pd product} {ergonomic}
    uintx ProfiledCodeHeapSize                     = 122909434                              {pd product} {ergonomic}
    uintx ReservedCodeCacheSize                    = 251658240                              {pd product} {ergonomic}
     bool SegmentedCodeCache                       = true                                      {product} {ergonomic}
     bool ShowCodeDetailsInExceptionMessages       = true                                   {manageable} {command line}
   size_t SoftMaxHeapSize                          = 4240441344                             {manageable} {ergonomic}
     bool UseCompressedClassPointers               = true                           {product lp64_product} {ergonomic}
     bool UseCompressedOops                        = true                           {product lp64_product} {ergonomic}
     bool UseG1GC                                  = true                                      {product} {ergonomic}
     bool UseLargePagesIndividualAllocation        = false                                  {pd product} {ergonomic}

Logging:
Log output configuration:
 #0: stdout all=warning uptime,level,tags foldmultilines=false
 #1: stderr all=off uptime,level,tags foldmultilines=false

Environment Variables:
PATH=C:\Users\bo\.p2\pool\plugins\org.eclipse.justj.openjdk.hotspot.jre.full.win32.x86_64_18.0.1.v20220515-1614\jre\bin;C:/Users/bo/.p2/pool/plugins/org.eclipse.justj.openjdk.hotspot.jre.full.win32.x86_64_18.0.1.v20220515-1614/jre/bin/server;C:/Users/bo/.p2/pool/plugins/org.eclipse.justj.openjdk.hotspot.jre.full.win32.x86_64_18.0.1.v20220515-1614/jre/bin;C:\Users\bo\Desktop\WINDOWS.X64_213000_db_home\bin;C:\Program Files (x86)\Common Files\Oracle\Java\javapath;C:\Windows\system32;C:\Windows;C:\Windows\System32\Wbem;C:\Windows\System32\WindowsPowerShell\v1.0\;C:\Windows\System32\OpenSSH\;C:\Program Files\dotnet\;C:\Program Files\MySQL\MySQL Shell 8.0\bin\;C:\Users\bo\AppData\Local\Microsoft\WindowsApps;C:\Program Files\Bandizip\;C:\Program Files\JetBrains\WebStorm 2022.1.2\bin;;C:\Users\bo\AppData\Local\Programs\Microsoft VS Code\bin;C:\Program Files\JetBrains\PyCharm 2022.2.1\bin;;C:\Users\bo\AppData\Local\GitHubDesktop\bin;C:\Users\bo\Desktop;
USERNAME=bo
OS=Windows_NT
PROCESSOR_IDENTIFIER=Intel64 Family 6 Model 151 Stepping 5, GenuineIntel



---------------  S Y S T E M  ---------------

OS:
 Windows 10 , 64 bit Build 19041 (10.0.19041.1889)
OS uptime: 3 days 3:35 hours

CPU: total 12 (initial active 12) (6 cores per cpu, 2 threads per core) family 6 model 151 stepping 5 microcode 0x15, cx8, cmov, fxsr, ht, mmx, 3dnowpref, sse, sse2, sse3, ssse3, sse4.1, sse4.2, popcnt, lzcnt, tsc, tscinvbit, avx, avx2, aes, erms, clmul, bmi1, bmi2, adx, sha, fma, vzeroupper, clflush, clflushopt, clwb, serialize

Memory: 4k page, system-wide physical 16175M (2543M free)
TotalPageFile size 31561M (AvailPageFile size 3769M)
current process WorkingSet (physical memory assigned to process): 80M, peak: 88M
current process commit charge ("private bytes"): 359M, peak: 363M

vm_info: OpenJDK 64-Bit Server VM (18.0.1+10) for windows-amd64 JRE (18.0.1+10), built on Apr 20 2022 05:04:48 by "" with MS VC++ 16.7 (VS2019)

END.
